# JRE version: OpenJDK Runtime Environment (21.0+35) (build 21+35-2513)
# Java VM: OpenJDK 64-Bit Server VM (21+35-2513, mixed mode, sharing, tiered, compressed oops, compressed class ptrs, g1 gc, windows-amd64)
GC Precious Log:
 CardTable entry size: 512
 Card Set container configuration: InlinePtr #cards 4 size 8 Array Of Cards #cards 32 size 80 Howl #buckets 8 coarsen threshold 7372 Howl Bitmap #cards 1024 size 144 coarsen threshold 921 Card regions per heap region 1 cards per card region 8192
 CPUs: 16 total, 16 available
 Memory: 32640M
 Large Page Support: Disabled
 NUMA Support: Disabled
 Compressed Oops: Enabled (Zero based)
 Heap Region Size: 4M
 Heap Min Capacity: 8M
 Heap Initial Capacity: 512M
 Heap Max Capacity: 8164M
 Pre-touch: Disabled
 Parallel Workers: 13
 Concurrent Workers: 3
 Concurrent Refinement Workers: 13
 Periodic GC: Disabled
Heap:
 garbage-first heap   total 1204224K, used 543304K [0x0000000601c00000, 0x0000000800000000)
  region size 4096K, 2 young (8192K), 2 survivors (8192K)
 Metaspace       used 33181K, committed 33792K, reserved 1114112K
  class space    used 4354K, committed 4608K, reserved 1048576K
GC Heap History (20 events):
Event: 379.188 GC heap after
{Heap after GC invocations=73 (full 0):
 garbage-first heap   total 1085440K, used 523500K [0x0000000601c00000, 0x0000000800000000)
  region size 4096K, 12 young (49152K), 12 survivors (49152K)
 Metaspace       used 33162K, committed 33792K, reserved 1114112K
  class space    used 4353K, committed 4608K, reserved 1048576K
}
Event: 384.442 GC heap before
{Heap before GC invocations=73 (full 0):
 garbage-first heap   total 1085440K, used 904428K [0x0000000601c00000, 0x0000000800000000)
  region size 4096K, 106 young (434176K), 12 survivors (49152K)
 Metaspace       used 33163K, committed 33792K, reserved 1114112K
  class space    used 4353K, committed 4608K, reserved 1048576K
}
Event: 384.457 GC heap after
{Heap after GC invocations=74 (full 0):
 garbage-first heap   total 1085440K, used 522100K [0x0000000601c00000, 0x0000000800000000)
  region size 4096K, 14 young (57344K), 14 survivors (57344K)
 Metaspace       used 33163K, committed 33792K, reserved 1114112K
  class space    used 4353K, committed 4608K, reserved 1048576K
}
Event: 392.084 GC heap before
{Heap before GC invocations=74 (full 0):
 garbage-first heap   total 1085440K, used 911220K [0x0000000601c00000, 0x0000000800000000)
  region size 4096K, 109 young (446464K), 14 survivors (57344K)
 Metaspace       used 33164K, committed 33792K, reserved 1114112K
  class space    used 4353K, committed 4608K, reserved 1048576K
}
Event: 392.090 GC heap after
{Heap after GC invocations=75 (full 0):
 garbage-first heap   total 1085440K, used 489891K [0x0000000601c00000, 0x0000000800000000)
  region size 4096K, 6 young (24576K), 6 survivors (24576K)
 Metaspace       used 33164K, committed 33792K, reserved 1114112K
  class space    used 4353K, committed 4608K, reserved 1048576K
}
Event: 392.237 GC heap before
{Heap before GC invocations=76 (full 0):
 garbage-first heap   total 1101824K, used 911779K [0x0000000601c00000, 0x0000000800000000)
  region size 4096K, 114 young (466944K), 6 survivors (24576K)
 Metaspace       used 33172K, committed 33792K, reserved 1114112K
  class space    used 4353K, committed 4608K, reserved 1048576K
}
Event: 392.272 GC heap after
{Heap after GC invocations=77 (full 0):
 garbage-first heap   total 1101824K, used 600125K [0x0000000601c00000, 0x0000000800000000)
  region size 4096K, 15 young (61440K), 15 survivors (61440K)
 Metaspace       used 33172K, committed 33792K, reserved 1114112K
  class space    used 4353K, committed 4608K, reserved 1048576K
}
Event: 392.387 GC heap before
{Heap before GC invocations=77 (full 0):
 garbage-first heap   total 1101824K, used 915517K [0x0000000601c00000, 0x0000000800000000)
  region size 4096K, 93 young (380928K), 15 survivors (61440K)
 Metaspace       used 33172K, committed 33792K, reserved 1114112K
  class space    used 4353K, committed 4608K, reserved 1048576K
}
Event: 392.407 GC heap after
{Heap after GC invocations=78 (full 0):
 garbage-first heap   total 1101824K, used 617338K [0x0000000601c00000, 0x0000000800000000)
  region size 4096K, 12 young (49152K), 12 survivors (49152K)
 Metaspace       used 33172K, committed 33792K, reserved 1114112K
  class space    used 4353K, committed 4608K, reserved 1048576K
}
Event: 397.222 GC heap before
{Heap before GC invocations=78 (full 0):
 garbage-first heap   total 1101824K, used 912250K [0x0000000601c00000, 0x0000000800000000)
  region size 4096K, 85 young (348160K), 12 survivors (49152K)
 Metaspace       used 33174K, committed 33792K, reserved 1114112K
  class space    used 4353K, committed 4608K, reserved 1048576K
}
Event: 397.226 GC heap after
{Heap after GC invocations=79 (full 0):
 garbage-first heap   total 1101824K, used 593231K [0x0000000601c00000, 0x0000000800000000)
  region size 4096K, 5 young (20480K), 5 survivors (20480K)
 Metaspace       used 33174K, committed 33792K, reserved 1114112K
  class space    used 4353K, committed 4608K, reserved 1048576K
}
Event: 397.399 GC heap before
{Heap before GC invocations=80 (full 0):
 garbage-first heap   total 1101824K, used 814415K [0x0000000601c00000, 0x0000000800000000)
  region size 4096K, 88 young (360448K), 5 survivors (20480K)
 Metaspace       used 33174K, committed 33792K, reserved 1114112K
  class space    used 4353K, committed 4608K, reserved 1048576K
}
Event: 397.410 GC heap after
{Heap after GC invocations=81 (full 0):
 garbage-first heap   total 1101824K, used 503808K [0x0000000601c00000, 0x0000000800000000)
  region size 4096K, 11 young (45056K), 11 survivors (45056K)
 Metaspace       used 33174K, committed 33792K, reserved 1114112K
  class space    used 4353K, committed 4608K, reserved 1048576K
}
Event: 407.847 GC heap before
{Heap before GC invocations=81 (full 0):
 garbage-first heap   total 1101824K, used 917504K [0x0000000601c00000, 0x0000000800000000)
  region size 4096K, 113 young (462848K), 11 survivors (45056K)
 Metaspace       used 33174K, committed 33792K, reserved 1114112K
  class space    used 4353K, committed 4608K, reserved 1048576K
}
Event: 407.866 GC heap after
{Heap after GC invocations=82 (full 0):
 garbage-first heap   total 1101824K, used 527135K [0x0000000601c00000, 0x0000000800000000)
  region size 4096K, 15 young (61440K), 15 survivors (61440K)
 Metaspace       used 33174K, committed 33792K, reserved 1114112K
  class space    used 4353K, committed 4608K, reserved 1048576K
}
Event: 411.771 GC heap before
{Heap before GC invocations=82 (full 0):
 garbage-first heap   total 1101824K, used 908063K [0x0000000601c00000, 0x0000000800000000)
  region size 4096K, 109 young (446464K), 15 survivors (61440K)
 Metaspace       used 33179K, committed 33792K, reserved 1114112K
  class space    used 4354K, committed 4608K, reserved 1048576K
}
Event: 411.804 GC heap after
{Heap after GC invocations=83 (full 0):
 garbage-first heap   total 1101824K, used 602652K [0x0000000601c00000, 0x0000000800000000)
  region size 4096K, 14 young (57344K), 14 survivors (57344K)
 Metaspace       used 33179K, committed 33792K, reserved 1114112K
  class space    used 4354K, committed 4608K, reserved 1048576K
}
Event: 411.982 GC heap before
{Heap before GC invocations=84 (full 0):
 garbage-first heap   total 1204224K, used 868892K [0x0000000601c00000, 0x0000000800000000)
  region size 4096K, 81 young (331776K), 14 survivors (57344K)
 Metaspace       used 33180K, committed 33792K, reserved 1114112K
  class space    used 4354K, committed 4608K, reserved 1048576K
}
Event: 411.984 GC heap after
{Heap after GC invocations=85 (full 0):
 garbage-first heap   total 1204224K, used 559322K [0x0000000601c00000, 0x0000000800000000)
  region size 4096K, 3 young (12288K), 3 survivors (12288K)
 Metaspace       used 33180K, committed 33792K, reserved 1114112K
  class space    used 4354K, committed 4608K, reserved 1048576K
}
Event: 426.036 GC heap before
{Heap before GC invocations=85 (full 0):
 garbage-first heap   total 1204224K, used 993498K [0x0000000601c00000, 0x0000000800000000)
  region size 4096K, 110 young (450560K), 3 survivors (12288K)
 Metaspace       used 33181K, committed 33792K, reserved 1114112K
  class space    used 4354K, committed 4608K, reserved 1048576K
}

