# JRE version: OpenJDK Runtime Environment (18.0.1.1+2) (build 18.0.1.1+2-6)
# Java VM: OpenJDK 64-Bit Server VM (18.0.1.1+2-6, mixed mode, sharing, tiered, compressed oops, compressed class ptrs, g1 gc, windows-amd64)
GC Precious Log:
 CardTable entry size: 512
 Card Set container configuration: InlinePtr #cards 4 size 8 Array Of Cards #cards 32 size 80 Howl #buckets 8 coarsen threshold 7372 Howl Bitmap #cards 1024 size 144 coarsen threshold 921 Card regions per heap region 1 cards per card region 8192
 CPUs: 16 total, 16 available
 Memory: 32640M
 Large Page Support: Disabled
 NUMA Support: Disabled
 Compressed Oops: Enabled (Zero based)
 Heap Region Size: 4M
 Heap Min Capacity: 8M
 Heap Initial Capacity: 512M
 Heap Max Capacity: 8164M
 Pre-touch: Disabled
 Parallel Workers: 13
 Concurrent Workers: 3
 Concurrent Refinement Workers: 13
 Periodic GC: Disabled
Heap:
 garbage-first heap   total 2301952K, used 483091K [0x0000000601c00000, 0x0000000800000000)
  region size 4096K, 5 young (20480K), 5 survivors (20480K)
 Metaspace       used 28145K, committed 28736K, reserved 1114112K
  class space    used 3658K, committed 3904K, reserved 1048576K
GC Heap History (20 events):
Event: 321.565 GC heap after
{Heap after GC invocations=77 (full 0):
 garbage-first heap   total 1040384K, used 549358K [0x0000000601c00000, 0x0000000800000000)
  region size 4096K, 6 young (24576K), 6 survivors (24576K)
 Metaspace       used 28145K, committed 28736K, reserved 1114112K
  class space    used 3658K, committed 3904K, reserved 1048576K
}
Event: 321.662 GC heap before
{Heap before GC invocations=77 (full 0):
 garbage-first heap   total 1040384K, used 725486K [0x0000000601c00000, 0x0000000800000000)
  region size 4096K, 50 young (204800K), 6 survivors (24576K)
 Metaspace       used 28145K, committed 28736K, reserved 1114112K
  class space    used 3658K, committed 3904K, reserved 1048576K
}
Event: 321.686 GC heap after
{Heap after GC invocations=78 (full 0):
 garbage-first heap   total 1040384K, used 651120K [0x0000000601c00000, 0x0000000800000000)
  region size 4096K, 7 young (28672K), 7 survivors (28672K)
 Metaspace       used 28145K, committed 28736K, reserved 1114112K
  class space    used 3658K, committed 3904K, reserved 1048576K
}
Event: 322.015 GC heap before
{Heap before GC invocations=79 (full 0):
 garbage-first heap   total 1142784K, used 716656K [0x0000000601c00000, 0x0000000800000000)
  region size 4096K, 36 young (147456K), 7 survivors (28672K)
 Metaspace       used 28145K, committed 28736K, reserved 1114112K
  class space    used 3658K, committed 3904K, reserved 1048576K
}
Event: 322.039 GC heap after
{Heap after GC invocations=80 (full 0):
 garbage-first heap   total 1142784K, used 675527K [0x0000000601c00000, 0x0000000800000000)
  region size 4096K, 5 young (20480K), 5 survivors (20480K)
 Metaspace       used 28145K, committed 28736K, reserved 1114112K
  class space    used 3658K, committed 3904K, reserved 1048576K
}
Event: 329.247 GC heap before
{Heap before GC invocations=80 (full 0):
 garbage-first heap   total 1142784K, used 708295K [0x0000000601c00000, 0x0000000800000000)
  region size 4096K, 13 young (53248K), 5 survivors (20480K)
 Metaspace       used 28145K, committed 28736K, reserved 1114112K
  class space    used 3658K, committed 3904K, reserved 1048576K
}
Event: 329.257 GC heap after
{Heap after GC invocations=81 (full 0):
 garbage-first heap   total 2301952K, used 578373K [0x0000000601c00000, 0x0000000800000000)
  region size 4096K, 1 young (4096K), 1 survivors (4096K)
 Metaspace       used 28145K, committed 28736K, reserved 1114112K
  class space    used 3658K, committed 3904K, reserved 1048576K
}
Event: 329.322 GC heap before
{Heap before GC invocations=81 (full 0):
 garbage-first heap   total 2301952K, used 688965K [0x0000000601c00000, 0x0000000800000000)
  region size 4096K, 28 young (114688K), 1 survivors (4096K)
 Metaspace       used 28145K, committed 28736K, reserved 1114112K
  class space    used 3658K, committed 3904K, reserved 1048576K
}
Event: 329.325 GC heap after
{Heap after GC invocations=82 (full 0):
 garbage-first heap   total 2301952K, used 496282K [0x0000000601c00000, 0x0000000800000000)
  region size 4096K, 1 young (4096K), 1 survivors (4096K)
 Metaspace       used 28145K, committed 28736K, reserved 1114112K
  class space    used 3658K, committed 3904K, reserved 1048576K
}
Event: 345.195 GC heap before
{Heap before GC invocations=82 (full 0):
 garbage-first heap   total 2301952K, used 1221274K [0x0000000601c00000, 0x0000000800000000)
  region size 4096K, 179 young (733184K), 1 survivors (4096K)
 Metaspace       used 28145K, committed 28736K, reserved 1114112K
  class space    used 3658K, committed 3904K, reserved 1048576K
}
Event: 345.202 GC heap after
{Heap after GC invocations=83 (full 0):
 garbage-first heap   total 2301952K, used 517780K [0x0000000601c00000, 0x0000000800000000)
  region size 4096K, 6 young (24576K), 6 survivors (24576K)
 Metaspace       used 28145K, committed 28736K, reserved 1114112K
  class space    used 3658K, committed 3904K, reserved 1048576K
}
Event: 345.448 GC heap before
{Heap before GC invocations=84 (full 0):
 garbage-first heap   total 614400K, used 611988K [0x0000000601c00000, 0x0000000800000000)
  region size 4096K, 126 young (516096K), 6 survivors (24576K)
 Metaspace       used 28145K, committed 28736K, reserved 1114112K
  class space    used 3658K, committed 3904K, reserved 1048576K
}
Event: 345.495 GC heap after
{Heap after GC invocations=85 (full 0):
 garbage-first heap   total 761856K, used 241166K [0x0000000601c00000, 0x0000000800000000)
  region size 4096K, 36 young (147456K), 36 survivors (147456K)
 Metaspace       used 28145K, committed 28736K, reserved 1114112K
  class space    used 3658K, committed 3904K, reserved 1048576K
}
Event: 345.496 GC heap before
{Heap before GC invocations=85 (full 0):
 garbage-first heap   total 761856K, used 245262K [0x0000000601c00000, 0x0000000800000000)
  region size 4096K, 37 young (151552K), 36 survivors (147456K)
 Metaspace       used 28145K, committed 28736K, reserved 1114112K
  class space    used 3658K, committed 3904K, reserved 1048576K
}
Event: 345.520 GC heap after
{Heap after GC invocations=86 (full 0):
 garbage-first heap   total 761856K, used 214901K [0x0000000601c00000, 0x0000000800000000)
  region size 4096K, 3 young (12288K), 3 survivors (12288K)
 Metaspace       used 28145K, committed 28736K, reserved 1114112K
  class space    used 3658K, committed 3904K, reserved 1048576K
}
Event: 351.896 GC heap before
{Heap before GC invocations=86 (full 0):
 garbage-first heap   total 761856K, used 423797K [0x0000000601c00000, 0x0000000800000000)
  region size 4096K, 54 young (221184K), 3 survivors (12288K)
 Metaspace       used 28145K, committed 28736K, reserved 1114112K
  class space    used 3658K, committed 3904K, reserved 1048576K
}
Event: 351.921 GC heap after
{Heap after GC invocations=87 (full 0):
 garbage-first heap   total 761856K, used 328994K [0x0000000601c00000, 0x0000000800000000)
  region size 4096K, 7 young (28672K), 7 survivors (28672K)
 Metaspace       used 28145K, committed 28736K, reserved 1114112K
  class space    used 3658K, committed 3904K, reserved 1048576K
}
Event: 351.991 GC heap before
{Heap before GC invocations=87 (full 0):
 garbage-first heap   total 761856K, used 476450K [0x0000000601c00000, 0x0000000800000000)
  region size 4096K, 44 young (180224K), 7 survivors (28672K)
 Metaspace       used 28145K, committed 28736K, reserved 1114112K
  class space    used 3658K, committed 3904K, reserved 1048576K
}
Event: 352.010 GC heap after
{Heap after GC invocations=88 (full 0):
 garbage-first heap   total 761856K, used 416273K [0x0000000601c00000, 0x0000000800000000)
  region size 4096K, 6 young (24576K), 6 survivors (24576K)
 Metaspace       used 28145K, committed 28736K, reserved 1114112K
  class space    used 3658K, committed 3904K, reserved 1048576K
}
Event: 352.069 GC heap before
{Heap before GC invocations=88 (full 0):
 garbage-first heap   total 888832K, used 526865K [0x0000000601c00000, 0x0000000800000000)
  region size 4096K, 34 young (139264K), 6 survivors (24576K)
 Metaspace       used 28145K, committed 28736K, reserved 1114112K
  class space    used 3658K, committed 3904K, reserved 1048576K
}

