# JRE version: OpenJDK Runtime Environment (21.0+35) (build 21+35-2513)
# Java VM: OpenJDK 64-Bit Server VM (21+35-2513, mixed mode, sharing, tiered, compressed oops, compressed class ptrs, g1 gc, windows-amd64)
GC Precious Log:
 CardTable entry size: 512
 Card Set container configuration: InlinePtr #cards 4 size 8 Array Of Cards #cards 32 size 80 Howl #buckets 8 coarsen threshold 7372 Howl Bitmap #cards 1024 size 144 coarsen threshold 921 Card regions per heap region 1 cards per card region 8192
 CPUs: 16 total, 16 available
 Memory: 32640M
 Large Page Support: Disabled
 NUMA Support: Disabled
 Compressed Oops: Enabled (Zero based)
 Heap Region Size: 4M
 Heap Min Capacity: 8M
 Heap Initial Capacity: 512M
 Heap Max Capacity: 8164M
 Pre-touch: Disabled
 Parallel Workers: 13
 Concurrent Workers: 3
 Concurrent Refinement Workers: 13
 Periodic GC: Disabled
Heap:
 garbage-first heap   total 1089536K, used 923934K [0x0000000601c00000, 0x0000000800000000)
  region size 4096K, 63 young (258048K), 10 survivors (40960K)
 Metaspace       used 32711K, committed 33344K, reserved 1114112K
  class space    used 4343K, committed 4608K, reserved 1048576K
GC Heap History (20 events):
Event: 76.791 GC heap before
{Heap before GC invocations=12 (full 0):
 garbage-first heap   total 544768K, used 478577K [0x0000000601c00000, 0x0000000800000000)
  region size 4096K, 24 young (98304K), 5 survivors (20480K)
 Metaspace       used 32552K, committed 33152K, reserved 1114112K
  class space    used 4331K, committed 4608K, reserved 1048576K
}
Event: 76.804 GC heap after
{Heap after GC invocations=13 (full 0):
 garbage-first heap   total 1089536K, used 435398K [0x0000000601c00000, 0x0000000800000000)
  region size 4096K, 3 young (12288K), 3 survivors (12288K)
 Metaspace       used 32552K, committed 33152K, reserved 1114112K
  class space    used 4331K, committed 4608K, reserved 1048576K
}
Event: 77.089 GC heap before
{Heap before GC invocations=14 (full 0):
 garbage-first heap   total 1089536K, used 820422K [0x0000000601c00000, 0x0000000800000000)
  region size 4096K, 98 young (401408K), 3 survivors (12288K)
 Metaspace       used 32564K, committed 33152K, reserved 1114112K
  class space    used 4331K, committed 4608K, reserved 1048576K
}
Event: 77.125 GC heap after
{Heap after GC invocations=15 (full 0):
 garbage-first heap   total 1089536K, used 584040K [0x0000000601c00000, 0x0000000800000000)
  region size 4096K, 13 young (53248K), 13 survivors (53248K)
 Metaspace       used 32564K, committed 33152K, reserved 1114112K
  class space    used 4331K, committed 4608K, reserved 1048576K
}
Event: 87.995 GC heap before
{Heap before GC invocations=15 (full 0):
 garbage-first heap   total 1089536K, used 825704K [0x0000000601c00000, 0x0000000800000000)
  region size 4096K, 73 young (299008K), 13 survivors (53248K)
 Metaspace       used 32650K, committed 33216K, reserved 1114112K
  class space    used 4341K, committed 4608K, reserved 1048576K
}
Event: 88.010 GC heap after
{Heap after GC invocations=16 (full 0):
 garbage-first heap   total 1089536K, used 612086K [0x0000000601c00000, 0x0000000800000000)
  region size 4096K, 10 young (40960K), 10 survivors (40960K)
 Metaspace       used 32650K, committed 33216K, reserved 1114112K
  class space    used 4341K, committed 4608K, reserved 1048576K
}
Event: 88.150 GC heap before
{Heap before GC invocations=16 (full 0):
 garbage-first heap   total 1089536K, used 861942K [0x0000000601c00000, 0x0000000800000000)
  region size 4096K, 72 young (294912K), 10 survivors (40960K)
 Metaspace       used 32663K, committed 33216K, reserved 1114112K
  class space    used 4341K, committed 4608K, reserved 1048576K
}
Event: 88.176 GC heap after
{Heap after GC invocations=17 (full 0):
 garbage-first heap   total 1089536K, used 692969K [0x0000000601c00000, 0x0000000800000000)
  region size 4096K, 9 young (36864K), 9 survivors (36864K)
 Metaspace       used 32663K, committed 33216K, reserved 1114112K
  class space    used 4341K, committed 4608K, reserved 1048576K
}
Event: 95.649 GC heap before
{Heap before GC invocations=18 (full 0):
 garbage-first heap   total 1089536K, used 713449K [0x0000000601c00000, 0x0000000800000000)
  region size 4096K, 62 young (253952K), 9 survivors (36864K)
 Metaspace       used 32682K, committed 33280K, reserved 1114112K
  class space    used 4342K, committed 4608K, reserved 1048576K
}
Event: 95.669 GC heap after
{Heap after GC invocations=19 (full 0):
 garbage-first heap   total 1089536K, used 564410K [0x0000000601c00000, 0x0000000800000000)
  region size 4096K, 8 young (32768K), 8 survivors (32768K)
 Metaspace       used 32682K, committed 33280K, reserved 1114112K
  class space    used 4342K, committed 4608K, reserved 1048576K
}
Event: 95.786 GC heap before
{Heap before GC invocations=19 (full 0):
 garbage-first heap   total 1089536K, used 855226K [0x0000000601c00000, 0x0000000800000000)
  region size 4096K, 79 young (323584K), 8 survivors (32768K)
 Metaspace       used 32683K, committed 33280K, reserved 1114112K
  class space    used 4342K, committed 4608K, reserved 1048576K
}
Event: 95.796 GC heap after
{Heap after GC invocations=20 (full 0):
 garbage-first heap   total 1089536K, used 568875K [0x0000000601c00000, 0x0000000800000000)
  region size 4096K, 6 young (24576K), 6 survivors (24576K)
 Metaspace       used 32683K, committed 33280K, reserved 1114112K
  class space    used 4342K, committed 4608K, reserved 1048576K
}
Event: 95.927 GC heap before
{Heap before GC invocations=20 (full 0):
 garbage-first heap   total 1089536K, used 880171K [0x0000000601c00000, 0x0000000800000000)
  region size 4096K, 82 young (335872K), 6 survivors (24576K)
 Metaspace       used 32683K, committed 33280K, reserved 1114112K
  class space    used 4342K, committed 4608K, reserved 1048576K
}
Event: 95.952 GC heap after
{Heap after GC invocations=21 (full 0):
 garbage-first heap   total 1089536K, used 665807K [0x0000000601c00000, 0x0000000800000000)
  region size 4096K, 11 young (45056K), 11 survivors (45056K)
 Metaspace       used 32683K, committed 33280K, reserved 1114112K
  class space    used 4342K, committed 4608K, reserved 1048576K
}
Event: 102.119 GC heap before
{Heap before GC invocations=22 (full 0):
 garbage-first heap   total 1089536K, used 776399K [0x0000000601c00000, 0x0000000800000000)
  region size 4096K, 71 young (290816K), 11 survivors (45056K)
 Metaspace       used 32708K, committed 33344K, reserved 1114112K
  class space    used 4343K, committed 4608K, reserved 1048576K
}
Event: 102.133 GC heap after
{Heap after GC invocations=23 (full 0):
 garbage-first heap   total 1089536K, used 548544K [0x0000000601c00000, 0x0000000800000000)
  region size 4096K, 9 young (36864K), 9 survivors (36864K)
 Metaspace       used 32708K, committed 33344K, reserved 1114112K
  class space    used 4343K, committed 4608K, reserved 1048576K
}
Event: 102.353 GC heap before
{Heap before GC invocations=23 (full 0):
 garbage-first heap   total 1089536K, used 872128K [0x0000000601c00000, 0x0000000800000000)
  region size 4096K, 89 young (364544K), 9 survivors (36864K)
 Metaspace       used 32708K, committed 33344K, reserved 1114112K
  class space    used 4343K, committed 4608K, reserved 1048576K
}
Event: 102.386 GC heap after
{Heap after GC invocations=24 (full 0):
 garbage-first heap   total 1089536K, used 611930K [0x0000000601c00000, 0x0000000800000000)
  region size 4096K, 12 young (49152K), 12 survivors (49152K)
 Metaspace       used 32708K, committed 33344K, reserved 1114112K
  class space    used 4343K, committed 4608K, reserved 1048576K
}
Event: 102.573 GC heap before
{Heap before GC invocations=24 (full 0):
 garbage-first heap   total 1089536K, used 886362K [0x0000000601c00000, 0x0000000800000000)
  region size 4096K, 80 young (327680K), 12 survivors (49152K)
 Metaspace       used 32708K, committed 33344K, reserved 1114112K
  class space    used 4343K, committed 4608K, reserved 1048576K
}
Event: 102.604 GC heap after
{Heap after GC invocations=25 (full 0):
 garbage-first heap   total 1089536K, used 706846K [0x0000000601c00000, 0x0000000800000000)
  region size 4096K, 10 young (40960K), 10 survivors (40960K)
 Metaspace       used 32708K, committed 33344K, reserved 1114112K
  class space    used 4343K, committed 4608K, reserved 1048576K
}

